<?xml version="1.0" encoding="utf-8"?><testsuites name="pytest tests"><testsuite name="pytest" errors="0" failures="0" skipped="0" tests="11" time="2.550" timestamp="2026-05-15T15:51:00.952451+00:00" hostname="agent-env-a3916556-6f41-4987-a682-3db93cbbc953"><testcase classname="backend.tests.test_church_api" name="test_health" time="0.308" /><testcase classname="backend.tests.test_church_api.TestPrayer" name="test_create_prayer_and_list" time="0.242" /><testcase classname="backend.tests.test_church_api.TestPrayer" name="test_anonymous_prayer" time="0.194" /><testcase classname="backend.tests.test_church_api.TestPrayer" name="test_validation_empty_request" time="0.224" /><testcase classname="backend.tests.test_church_api.TestPrayer" name="test_validation_short_request" time="0.131" /><testcase classname="backend.tests.test_church_api.TestDonations" name="test_create_upi_order" time="0.170" /><testcase classname="backend.tests.test_church_api.TestDonations" name="test_create_razorpay_order" time="0.130" /><testcase classname="backend.tests.test_church_api.TestDonations" name="test_confirm_upi" time="0.364" /><testcase classname="backend.tests.test_church_api.TestDonations" name="test_verify_razorpay_fake_signature" time="0.243" /><testcase classname="backend.tests.test_church_api.TestDonations" name="test_list_donations_no_objectid" time="0.163" /><testcase classname="backend.tests.test_church_api.TestDonations" name="test_invalid_amount" time="0.153" /></testsuite></testsuites>